Compiling the C compiler identification source file "CMakeCCompilerId.c" failed.
Compiler: /usr/bin/cc 
Build flags: 
Id flags:  

The output was:
1
/usr/bin/ld: final link failed: Operation not supported
collect2: error: ld returned 1 exit status


Compiling the C compiler identification source file "CMakeCCompilerId.c" failed.
Compiler: /usr/bin/cc 
Build flags: 
Id flags: -c 

The output was:
1
/tmp/ccnATLxg.s: Assembler messages:
/tmp/ccnATLxg.s: Fatal error: can't write 145 bytes to section .text of CMakeCCompilerId.o: 'Operation not supported'
/tmp/ccnATLxg.s: Fatal error: can't close CMakeCCompilerId.o: Operation not supported


Compiling the C compiler identification source file "CMakeCCompilerId.c" failed.
Compiler: /usr/bin/cc 
Build flags: 
Id flags: -Aa 

The output was:
1
<command-line>: error: missing '(' after predicate


Compiling the C compiler identification source file "CMakeCCompilerId.c" failed.
Compiler: /usr/bin/cc 
Build flags: 
Id flags: -D__CLASSIC_C__ 

The output was:
1
/usr/bin/ld: final link failed: Operation not supported
collect2: error: ld returned 1 exit status


Compiling the C compiler identification source file "CMakeCCompilerId.c" failed.
Compiler: /usr/bin/cc 
Build flags: 
Id flags: --target=arm-arm-none-eabi;-mcpu=cortex-m3 

The output was:
1
cc: warning: ‘-mcpu=’ is deprecated; use ‘-mtune=’ or ‘-march=’ instead
cc: error: unrecognized command line option ‘--target=arm-arm-none-eabi’


Compiling the C compiler identification source file "CMakeCCompilerId.c" failed.
Compiler: /usr/bin/cc 
Build flags: 
Id flags:  

The output was:
1
/usr/bin/ld: final link failed: Operation not supported
collect2: error: ld returned 1 exit status


Compiling the C compiler identification source file "CMakeCCompilerId.c" failed.
Compiler: /usr/bin/cc 
Build flags: 
Id flags: -c 

The output was:
1
/tmp/ccAPYtWl.s: Assembler messages:
/tmp/ccAPYtWl.s: Fatal error: can't write 145 bytes to section .text of CMakeCCompilerId.o: 'Operation not supported'
/tmp/ccAPYtWl.s: Fatal error: can't close CMakeCCompilerId.o: Operation not supported


Compiling the C compiler identification source file "CMakeCCompilerId.c" failed.
Compiler: /usr/bin/cc 
Build flags: 
Id flags: -Aa 

The output was:
1
<command-line>: error: missing '(' after predicate


Compiling the C compiler identification source file "CMakeCCompilerId.c" failed.
Compiler: /usr/bin/cc 
Build flags: 
Id flags: -D__CLASSIC_C__ 

The output was:
1
/usr/bin/ld: final link failed: Operation not supported
collect2: error: ld returned 1 exit status


Compiling the C compiler identification source file "CMakeCCompilerId.c" failed.
Compiler: /usr/bin/cc 
Build flags: 
Id flags: --target=arm-arm-none-eabi;-mcpu=cortex-m3 

The output was:
1
cc: warning: ‘-mcpu=’ is deprecated; use ‘-mtune=’ or ‘-march=’ instead
cc: error: unrecognized command line option ‘--target=arm-arm-none-eabi’


Checking whether the C compiler is IAR using "" did not match "IAR .+ Compiler":
cc: fatal error: no input files
compilation terminated.
Checking whether the C compiler is IAR using "" did not match "IAR .+ Compiler":
cc: fatal error: no input files
compilation terminated.
Compiling the CXX compiler identification source file "CMakeCXXCompilerId.cpp" failed.
Compiler: /usr/bin/c++ 
Build flags: 
Id flags:  

The output was:
1
/usr/bin/ld: final link failed: Operation not supported
collect2: error: ld returned 1 exit status


Compiling the CXX compiler identification source file "CMakeCXXCompilerId.cpp" failed.
Compiler: /usr/bin/c++ 
Build flags: 
Id flags: -c 

The output was:
1
/tmp/ccNSFbdR.s: Assembler messages:
/tmp/ccNSFbdR.s: Fatal error: can't write 121 bytes to section .text of CMakeCXXCompilerId.o: 'Operation not supported'
/tmp/ccNSFbdR.s: Fatal error: can't close CMakeCXXCompilerId.o: Operation not supported


Compiling the CXX compiler identification source file "CMakeCXXCompilerId.cpp" failed.
Compiler: /usr/bin/c++ 
Build flags: 
Id flags: --c++ 

The output was:
1
c++: error: unrecognized command line option ‘--c++’


Compiling the CXX compiler identification source file "CMakeCXXCompilerId.cpp" failed.
Compiler: /usr/bin/c++ 
Build flags: 
Id flags: --ec++ 

The output was:
1
c++: error: unrecognized command line option ‘--ec++’; did you mean ‘-Weffc++’?


Compiling the CXX compiler identification source file "CMakeCXXCompilerId.cpp" failed.
Compiler: /usr/bin/c++ 
Build flags: 
Id flags: --target=arm-arm-none-eabi;-mcpu=cortex-m3 

The output was:
1
c++: warning: ‘-mcpu=’ is deprecated; use ‘-mtune=’ or ‘-march=’ instead
c++: error: unrecognized command line option ‘--target=arm-arm-none-eabi’


Compiling the CXX compiler identification source file "CMakeCXXCompilerId.cpp" failed.
Compiler: /usr/bin/c++ 
Build flags: 
Id flags:  

The output was:
1
/usr/bin/ld: final link failed: Operation not supported
collect2: error: ld returned 1 exit status


Compiling the CXX compiler identification source file "CMakeCXXCompilerId.cpp" failed.
Compiler: /usr/bin/c++ 
Build flags: 
Id flags: -c 

The output was:
1
/tmp/ccNYos8H.s: Assembler messages:
/tmp/ccNYos8H.s: Fatal error: can't write 121 bytes to section .text of CMakeCXXCompilerId.o: 'Operation not supported'
/tmp/ccNYos8H.s: Fatal error: can't close CMakeCXXCompilerId.o: Operation not supported


Compiling the CXX compiler identification source file "CMakeCXXCompilerId.cpp" failed.
Compiler: /usr/bin/c++ 
Build flags: 
Id flags: --c++ 

The output was:
1
c++: error: unrecognized command line option ‘--c++’


Compiling the CXX compiler identification source file "CMakeCXXCompilerId.cpp" failed.
Compiler: /usr/bin/c++ 
Build flags: 
Id flags: --ec++ 

The output was:
1
c++: error: unrecognized command line option ‘--ec++’; did you mean ‘-Weffc++’?


Compiling the CXX compiler identification source file "CMakeCXXCompilerId.cpp" failed.
Compiler: /usr/bin/c++ 
Build flags: 
Id flags: --target=arm-arm-none-eabi;-mcpu=cortex-m3 

The output was:
1
c++: warning: ‘-mcpu=’ is deprecated; use ‘-mtune=’ or ‘-march=’ instead
c++: error: unrecognized command line option ‘--target=arm-arm-none-eabi’


Checking whether the CXX compiler is IAR using "" did not match "IAR .+ Compiler":
c++: fatal error: no input files
compilation terminated.
Checking whether the CXX compiler is IAR using "" did not match "IAR .+ Compiler":
c++: fatal error: no input files
compilation terminated.
Determining if the C compiler works failed with the following output:
Change Dir: /run/user/1000/gvfs/sftp:host=10.42.0.23,user=alfarobi/home/alfarobi/alfarobi_ws/src/ALFAROBI-Vision/v9_ball_detector/build/CMakeFiles/CMakeTmp

Run Build Command(s):/usr/bin/make cmTC_244e9/fast && /usr/bin/make -f CMakeFiles/cmTC_244e9.dir/build.make CMakeFiles/cmTC_244e9.dir/build
make[1]: Entering directory '/run/user/1000/gvfs/sftp:host=10.42.0.23,user=alfarobi/home/alfarobi/alfarobi_ws/src/ALFAROBI-Vision/v9_ball_detector/build/CMakeFiles/CMakeTmp'
Building C object CMakeFiles/cmTC_244e9.dir/testCCompiler.c.o
/usr/bin/cc    -o CMakeFiles/cmTC_244e9.dir/testCCompiler.c.o   -c /run/user/1000/gvfs/sftp:host=10.42.0.23,user=alfarobi/home/alfarobi/alfarobi_ws/src/ALFAROBI-Vision/v9_ball_detector/build/CMakeFiles/CMakeTmp/testCCompiler.c
/tmp/cchfqZHG.s: Assembler messages:
/tmp/cchfqZHG.s: Fatal error: can't write 23 bytes to section .text of CMakeFiles/cmTC_244e9.dir/testCCompiler.c.o: 'Operation not supported'
/tmp/cchfqZHG.s: Fatal error: can't close CMakeFiles/cmTC_244e9.dir/testCCompiler.c.o: Operation not supported
make[1]: *** [CMakeFiles/cmTC_244e9.dir/build.make:66: CMakeFiles/cmTC_244e9.dir/testCCompiler.c.o] Error 1
make[1]: Leaving directory '/run/user/1000/gvfs/sftp:host=10.42.0.23,user=alfarobi/home/alfarobi/alfarobi_ws/src/ALFAROBI-Vision/v9_ball_detector/build/CMakeFiles/CMakeTmp'
make: *** [Makefile:121: cmTC_244e9/fast] Error 2



